{
  "stats": {
    "suites": 6,
    "tests": 21,
    "passes": 21,
    "pending": 0,
    "failures": 0,
    "testsRegistered": 21,
    "passPercent": 100,
    "pendingPercent": 0,
    "other": 0,
    "hasOther": false,
    "skipped": 0,
    "hasSkipped": false,
    "start": "2024-06-23T17:21:29.468Z",
    "end": "2024-06-23T17:22:34.619Z",
    "duration": 65151
  },
  "results": [
    {
      "uuid": "eb6cd21a-3c74-4cac-bc4a-bc3809ad653b",
      "title": "",
      "fullFile": "cypress\\e2e\\Account.cy.js",
      "file": "cypress\\e2e\\Account.cy.js",
      "beforeHooks": [],
      "afterHooks": [],
      "tests": [],
      "suites": [
        {
          "uuid": "6c2d6b9e-73c7-4890-ab69-bdc5477dfb09",
          "title": "User Register and Login E2E Tests",
          "fullFile": "",
          "file": "",
          "beforeHooks": [],
          "afterHooks": [],
          "tests": [
            {
              "title": "contains all fields",
              "fullTitle": "User Register and Login E2E Tests contains all fields",
              "timedOut": null,
              "duration": 3989,
              "state": "passed",
              "speed": "fast",
              "pass": true,
              "fail": false,
              "pending": false,
              "context": null,
              "code": "cy.visit('/login');\ncy.url().should('include', '/login');\ncy.get('#email').type('test1234@test.com');\ncy.get('#password').type('test1234');\ncy.get('button').contains('Zaloguj').click({\n  force: true\n});\ncy.get('nav').contains('Moje konto').click({\n  force: true\n});\ncy.get('#email').should('exist');\ncy.get('#name').should('exist');\ncy.get('#surname').should('exist');\ncy.get('#sex').should('exist');\ncy.get('#birthDate').should('exist');\ncy.get('#education').should('exist');\ncy.get('#profession').should('exist');\ncy.get('#personalIdNumber').should('exist');\ncy.get('#zipCode').should('exist');\ncy.get('#addressLine').should('exist');\ncy.get('#city').should('exist');\ncy.get('#cityType').should('exist');\ncy.get('#country').should('exist');\ncy.get('#voivodeship').should('exist');",
              "err": {},
              "uuid": "be23c893-aaba-448f-862e-d5834f71c047",
              "parentUUID": "6c2d6b9e-73c7-4890-ab69-bdc5477dfb09",
              "isHook": false,
              "skipped": false
            },
            {
              "title": "can type into inputs",
              "fullTitle": "User Register and Login E2E Tests can type into inputs",
              "timedOut": null,
              "duration": 6161,
              "state": "passed",
              "speed": "medium",
              "pass": true,
              "fail": false,
              "pending": false,
              "context": null,
              "code": "cy.visit('/login');\ncy.url().should('include', '/login');\ncy.get('#email').type('test1234@test.com');\ncy.get('#password').type('test1234');\ncy.get('button').contains('Zaloguj').click({\n  force: true\n});\ncy.get('nav').contains('Moje konto').click({\n  force: true\n});\ncy.get('#name').type('IMIE');\ncy.get('#surname').type('NAZWISKO');\ncy.get('#sex').select('Mężczyzna');\ncy.get('#birthDate').type('1999-01-01');\ncy.get('#education').select('Wyższe');\ncy.get('#profession').type('ZAWÓD');\ncy.get('#personalIdNumber').type(12345578911);\ncy.get('#zipCode').type('90-001');\ncy.get('#addressLine').type('Politechniki 21/37');\ncy.get('#city').type('Łódź');\ncy.get('#cityType').select('Pomiędzy 200 a 500 tysięcy');\ncy.get('#country').select('Poland');\ncy.get('#voivodeship').select('Łódzkie');",
              "err": {},
              "uuid": "159c5412-07a2-4cb5-bbcb-0040bd2546bf",
              "parentUUID": "6c2d6b9e-73c7-4890-ab69-bdc5477dfb09",
              "isHook": false,
              "skipped": false
            },
            {
              "title": "can save inputs values",
              "fullTitle": "User Register and Login E2E Tests can save inputs values",
              "timedOut": null,
              "duration": 7303,
              "state": "passed",
              "speed": "medium",
              "pass": true,
              "fail": false,
              "pending": false,
              "context": null,
              "code": "cy.visit('/login');\ncy.url().should('include', '/login');\ncy.get('#email').type('test1234@test.com');\ncy.get('#password').type('test1234');\ncy.get('button').contains('Zaloguj').click({\n  force: true\n});\ncy.get('nav').contains('Moje konto').click({\n  force: true\n});\ncy.get('#name').clear();\ncy.get('#name').type('IMIE');\ncy.get('#surname').clear();\ncy.get('#surname').type('NAZWISKO');\ncy.get('#sex').select('Mężczyzna');\ncy.get('#birthDate').clear();\ncy.get('#birthDate').type('1999-01-01');\ncy.get('#education').select('Wyższe');\ncy.get('#profession').clear();\ncy.get('#profession').type('ZAWÓD');\ncy.get('#personalIdNumber').clear();\ncy.get('#personalIdNumber').type(12345578911);\ncy.get('#zipCode').clear();\ncy.get('#zipCode').type('90-001');\ncy.get('#addressLine').clear();\ncy.get('#addressLine').type('Politechniki 21/37');\ncy.get('#city').clear();\ncy.get('#city').type('Łódź');\ncy.get('#cityType').select('Pomiędzy 200 a 500 tysięcy');\ncy.get('#country').select('Poland');\ncy.get('#voivodeship').select('Łódzkie');\ncy.get('button').contains('Zapisz').click({\n  force: true\n});\ncy.get('nav').contains('Strona główna').click({\n  force: true\n});\ncy.get('nav').contains('Moje konto').click({\n  force: true\n});\ncy.get('#name').should('have.value', 'IMIE');\ncy.get('#surname').should('have.value', 'NAZWISKO');\ncy.get('#birthDate').should('have.value', '1999-01-01');\ncy.get('#profession').should('have.value', 'ZAWÓD');\ncy.get('#zipCode').should('have.value', '90-001');\ncy.get('#addressLine').should('have.value', 'Politechniki 21/37');\ncy.get('#city').should('have.value', 'Łódź');",
              "err": {},
              "uuid": "3ec70d1a-f858-43f4-8119-31da6225274d",
              "parentUUID": "6c2d6b9e-73c7-4890-ab69-bdc5477dfb09",
              "isHook": false,
              "skipped": false
            },
            {
              "title": "can logout",
              "fullTitle": "User Register and Login E2E Tests can logout",
              "timedOut": null,
              "duration": 3728,
              "state": "passed",
              "speed": "fast",
              "pass": true,
              "fail": false,
              "pending": false,
              "context": null,
              "code": "cy.visit('/login');\ncy.url().should('include', '/login');\ncy.get('#email').type('test1234@test.com');\ncy.get('#password').type('test1234');\ncy.get('button').contains('Zaloguj').click({\n  force: true\n});\ncy.get('nav').contains('Moje konto').click({\n  force: true\n});\ncy.get('nav').contains('Wyloguj').click({\n  force: true\n});\ncy.url().should('include', '/');",
              "err": {},
              "uuid": "702eae5d-15e1-4cb7-bf75-d680346d161f",
              "parentUUID": "6c2d6b9e-73c7-4890-ab69-bdc5477dfb09",
              "isHook": false,
              "skipped": false
            }
          ],
          "suites": [],
          "passes": [
            "be23c893-aaba-448f-862e-d5834f71c047",
            "159c5412-07a2-4cb5-bbcb-0040bd2546bf",
            "3ec70d1a-f858-43f4-8119-31da6225274d",
            "702eae5d-15e1-4cb7-bf75-d680346d161f"
          ],
          "failures": [],
          "pending": [],
          "skipped": [],
          "duration": 21181,
          "root": false,
          "rootEmpty": false,
          "_timeout": 2000
        }
      ],
      "passes": [],
      "failures": [],
      "pending": [],
      "skipped": [],
      "duration": 0,
      "root": true,
      "rootEmpty": true,
      "_timeout": 2000
    },
    {
      "uuid": "bb7e8f90-45e1-485a-a6fc-5a73824e24a7",
      "title": "",
      "fullFile": "cypress\\e2e\\Candidates.cy.js",
      "file": "cypress\\e2e\\Candidates.cy.js",
      "beforeHooks": [],
      "afterHooks": [],
      "tests": [],
      "suites": [
        {
          "uuid": "ae99e2b1-c1d7-4350-b4df-cc02c9177ae6",
          "title": "User can look through candidates",
          "fullFile": "",
          "file": "",
          "beforeHooks": [],
          "afterHooks": [],
          "tests": [
            {
              "title": "successfully check candidates in selected ",
              "fullTitle": "User can look through candidates successfully check candidates in selected ",
              "timedOut": null,
              "duration": 3001,
              "state": "passed",
              "speed": "fast",
              "pass": true,
              "fail": false,
              "pending": false,
              "context": null,
              "code": "cy.visit('/candidates?woj=%C5%81%C3%B3dzkie');\ncy.get('#district-select').should('exist');\ncy.get('#district-select2').should('exist');\ncy.get('#district-select').select('Okręg wyborczy nr 10 - Piotrków Trybunalskich');\ncy.get('#district-select2').select('Okręg wyborczy nr 24 - Łódź II');\ncy.get('#district-select').select('Okręg wyborczy nr 9 - Łódź');\ncy.get('#district-select2').select('Okręg wyborczy nr 23 - Łódź I');\ncy.get('#showPlanButton').click({\n  force: true\n});\ncy.get('h2').should('contain.text', 'Krótki plan polityczny');\ncy.get('#closePlanButton').click({\n  force: true\n});",
              "err": {},
              "uuid": "ea7b5ce5-dafd-48fb-ac35-fed34a6e7a36",
              "parentUUID": "ae99e2b1-c1d7-4350-b4df-cc02c9177ae6",
              "isHook": false,
              "skipped": false
            }
          ],
          "suites": [],
          "passes": [
            "ea7b5ce5-dafd-48fb-ac35-fed34a6e7a36"
          ],
          "failures": [],
          "pending": [],
          "skipped": [],
          "duration": 3001,
          "root": false,
          "rootEmpty": false,
          "_timeout": 2000
        }
      ],
      "passes": [],
      "failures": [],
      "pending": [],
      "skipped": [],
      "duration": 0,
      "root": true,
      "rootEmpty": true,
      "_timeout": 2000
    },
    {
      "uuid": "16318734-a08b-4de7-a9d7-6f4c05430b1a",
      "title": "",
      "fullFile": "cypress\\e2e\\HomePage.cy.js",
      "file": "cypress\\e2e\\HomePage.cy.js",
      "beforeHooks": [],
      "afterHooks": [],
      "tests": [],
      "suites": [
        {
          "uuid": "1b4172fa-3b82-46f2-a5e6-3310942bcbfc",
          "title": "The Main Page",
          "fullFile": "",
          "file": "",
          "beforeHooks": [],
          "afterHooks": [],
          "tests": [
            {
              "title": "successfully loads",
              "fullTitle": "The Main Page successfully loads",
              "timedOut": null,
              "duration": 1485,
              "state": "passed",
              "speed": "fast",
              "pass": true,
              "fail": false,
              "pending": false,
              "context": null,
              "code": "cy.url().should('include', '/');",
              "err": {},
              "uuid": "b6573b69-07a5-41e0-b87b-c9c6d9c978bf",
              "parentUUID": "1b4172fa-3b82-46f2-a5e6-3310942bcbfc",
              "isHook": false,
              "skipped": false
            },
            {
              "title": "has a navigation menu",
              "fullTitle": "The Main Page has a navigation menu",
              "timedOut": null,
              "duration": 1292,
              "state": "passed",
              "speed": "fast",
              "pass": true,
              "fail": false,
              "pending": false,
              "context": null,
              "code": "cy.get('nav').should('exist');",
              "err": {},
              "uuid": "50368f2c-c8d9-4043-8bce-65fb32298004",
              "parentUUID": "1b4172fa-3b82-46f2-a5e6-3310942bcbfc",
              "isHook": false,
              "skipped": false
            },
            {
              "title": "can navigate to the Home page from the Main page",
              "fullTitle": "The Main Page can navigate to the Home page from the Main page",
              "timedOut": null,
              "duration": 1440,
              "state": "passed",
              "speed": "fast",
              "pass": true,
              "fail": false,
              "pending": false,
              "context": null,
              "code": "cy.get('nav').contains('Strona główna').click({\n  force: true\n});\ncy.url().should('include', '/');",
              "err": {},
              "uuid": "2993774c-8c8e-4578-a380-a2b4fa3f0038",
              "parentUUID": "1b4172fa-3b82-46f2-a5e6-3310942bcbfc",
              "isHook": false,
              "skipped": false
            },
            {
              "title": "can navigate to the How to vote from the Main page",
              "fullTitle": "The Main Page can navigate to the How to vote from the Main page",
              "timedOut": null,
              "duration": 1853,
              "state": "passed",
              "speed": "fast",
              "pass": true,
              "fail": false,
              "pending": false,
              "context": null,
              "code": "cy.get('nav').contains('Jak zagłosować').click({\n  force: true\n});\ncy.url().should('include', '/about');",
              "err": {},
              "uuid": "c6fd19b5-2223-44d2-868f-ec56d22f9292",
              "parentUUID": "1b4172fa-3b82-46f2-a5e6-3310942bcbfc",
              "isHook": false,
              "skipped": false
            },
            {
              "title": "can navigate to the Candidates from the Main page",
              "fullTitle": "The Main Page can navigate to the Candidates from the Main page",
              "timedOut": null,
              "duration": 1482,
              "state": "passed",
              "speed": "fast",
              "pass": true,
              "fail": false,
              "pending": false,
              "context": null,
              "code": "cy.get('nav').contains('Kandydaci').click({\n  force: true\n});\ncy.url().should('include', '/map');",
              "err": {},
              "uuid": "66294e6b-5430-4760-afd7-2a07bf2c97ad",
              "parentUUID": "1b4172fa-3b82-46f2-a5e6-3310942bcbfc",
              "isHook": false,
              "skipped": false
            },
            {
              "title": "can navigate to the Info from the Main page",
              "fullTitle": "The Main Page can navigate to the Info from the Main page",
              "timedOut": null,
              "duration": 1711,
              "state": "passed",
              "speed": "fast",
              "pass": true,
              "fail": false,
              "pending": false,
              "context": null,
              "code": "cy.get('nav').contains('Informacje').click({\n  force: true\n});\ncy.url().should('include', '/info');",
              "err": {},
              "uuid": "a54cc2ba-e982-446c-9e1a-38f6e5e5cc46",
              "parentUUID": "1b4172fa-3b82-46f2-a5e6-3310942bcbfc",
              "isHook": false,
              "skipped": false
            }
          ],
          "suites": [],
          "passes": [
            "b6573b69-07a5-41e0-b87b-c9c6d9c978bf",
            "50368f2c-c8d9-4043-8bce-65fb32298004",
            "2993774c-8c8e-4578-a380-a2b4fa3f0038",
            "c6fd19b5-2223-44d2-868f-ec56d22f9292",
            "66294e6b-5430-4760-afd7-2a07bf2c97ad",
            "a54cc2ba-e982-446c-9e1a-38f6e5e5cc46"
          ],
          "failures": [],
          "pending": [],
          "skipped": [],
          "duration": 9263,
          "root": false,
          "rootEmpty": false,
          "_timeout": 2000
        }
      ],
      "passes": [],
      "failures": [],
      "pending": [],
      "skipped": [],
      "duration": 0,
      "root": true,
      "rootEmpty": true,
      "_timeout": 2000
    },
    {
      "uuid": "15e7f738-0d4a-4744-96eb-716d00a4c9cd",
      "title": "",
      "fullFile": "cypress\\e2e\\HowToVote.cy.js",
      "file": "cypress\\e2e\\HowToVote.cy.js",
      "beforeHooks": [],
      "afterHooks": [],
      "tests": [],
      "suites": [
        {
          "uuid": "9dcd2455-520e-45f9-85de-4714713595d9",
          "title": "The Main Page",
          "fullFile": "",
          "file": "",
          "beforeHooks": [],
          "afterHooks": [],
          "tests": [
            {
              "title": "successfully loads",
              "fullTitle": "The Main Page successfully loads",
              "timedOut": null,
              "duration": 1689,
              "state": "passed",
              "speed": "fast",
              "pass": true,
              "fail": false,
              "pending": false,
              "context": null,
              "code": "cy.url().should('include', '/about');",
              "err": {},
              "uuid": "fe045a50-6af6-4adb-be01-023c6188c420",
              "parentUUID": "9dcd2455-520e-45f9-85de-4714713595d9",
              "isHook": false,
              "skipped": false
            },
            {
              "title": "has first step",
              "fullTitle": "The Main Page has first step",
              "timedOut": null,
              "duration": 2250,
              "state": "passed",
              "speed": "fast",
              "pass": true,
              "fail": false,
              "pending": false,
              "context": null,
              "code": "cy.get('p').contains('Aby rozpocząć, załóż konto na naszej platformie. Kliknij przycisk \"Zaloguj się\", a następnie \"Rejestracja\" i podaj swój adres e-mail oraz hasło.').should('exist');",
              "err": {},
              "uuid": "a6b06da4-706c-4339-bc0a-5f5916864525",
              "parentUUID": "9dcd2455-520e-45f9-85de-4714713595d9",
              "isHook": false,
              "skipped": false
            },
            {
              "title": "has second step",
              "fullTitle": "The Main Page has second step",
              "timedOut": null,
              "duration": 2022,
              "state": "passed",
              "speed": "fast",
              "pass": true,
              "fail": false,
              "pending": false,
              "context": null,
              "code": "cy.get('p').contains('Po zalogowaniu się, wejdź w zakładkę \"Moje konto\" i wypełnij dodatkowe informacje potrzebne do weryfikacji tożsamości. Wprowadź swoje dane osobowe, takie jak PESEL czy adres zamieszkania. Wszystkie dane są zabezpieczone i przetwarzane zgodnie z przepisami o ochronie danych osobowych.').should('exist');",
              "err": {},
              "uuid": "1811caed-e200-4c7a-9d9c-249189c9c38b",
              "parentUUID": "9dcd2455-520e-45f9-85de-4714713595d9",
              "isHook": false,
              "skipped": false
            },
            {
              "title": "has third step",
              "fullTitle": "The Main Page has third step",
              "timedOut": null,
              "duration": 1840,
              "state": "passed",
              "speed": "fast",
              "pass": true,
              "fail": false,
              "pending": false,
              "context": null,
              "code": "cy.get('p').contains('Następnie przejdź do sekcji \"Kandydaci\". Tam znajdziesz listę dostępnych wyborów oraz kandydatów. Możesz przeglądać profile kandydatów, czytać ich programy wyborcze i zapoznać się z ich priorytetami.').should('exist');",
              "err": {},
              "uuid": "812269dd-ff6a-4da3-8c75-202c3e69e768",
              "parentUUID": "9dcd2455-520e-45f9-85de-4714713595d9",
              "isHook": false,
              "skipped": false
            },
            {
              "title": "has forth step",
              "fullTitle": "The Main Page has forth step",
              "timedOut": null,
              "duration": 1620,
              "state": "passed",
              "speed": "fast",
              "pass": true,
              "fail": false,
              "pending": false,
              "context": null,
              "code": "cy.get('p').contains('Gdy już zdecydujesz, na kogo chcesz oddać głos, w sekcji \"Moje konto\" wygeneruj kod umożliwiający zagłosowanie. Po otrzymaniu go na podany adres e-mail, przejdź do sekcji \"Zagłosuj\" i wpisz kod. Twój głos na wybranego kandydata zostanie zarejestrowany i możesz być pewny, że jest bezpieczny i anonimowy.').should('exist');",
              "err": {},
              "uuid": "b98db4e5-49ce-441c-8020-0301ffdd280b",
              "parentUUID": "9dcd2455-520e-45f9-85de-4714713595d9",
              "isHook": false,
              "skipped": false
            }
          ],
          "suites": [],
          "passes": [
            "fe045a50-6af6-4adb-be01-023c6188c420",
            "a6b06da4-706c-4339-bc0a-5f5916864525",
            "1811caed-e200-4c7a-9d9c-249189c9c38b",
            "812269dd-ff6a-4da3-8c75-202c3e69e768",
            "b98db4e5-49ce-441c-8020-0301ffdd280b"
          ],
          "failures": [],
          "pending": [],
          "skipped": [],
          "duration": 9421,
          "root": false,
          "rootEmpty": false,
          "_timeout": 2000
        }
      ],
      "passes": [],
      "failures": [],
      "pending": [],
      "skipped": [],
      "duration": 0,
      "root": true,
      "rootEmpty": true,
      "_timeout": 2000
    },
    {
      "uuid": "c044531e-9515-470a-9e2d-811877aa7af2",
      "title": "",
      "fullFile": "cypress\\e2e\\Info.cy.js",
      "file": "cypress\\e2e\\Info.cy.js",
      "beforeHooks": [],
      "afterHooks": [],
      "tests": [],
      "suites": [
        {
          "uuid": "39cf5056-ee2b-42e2-9450-7c491b8525f6",
          "title": "The Info page",
          "fullFile": "",
          "file": "",
          "beforeHooks": [],
          "afterHooks": [],
          "tests": [
            {
              "title": "successfully loads",
              "fullTitle": "The Info page successfully loads",
              "timedOut": null,
              "duration": 1510,
              "state": "passed",
              "speed": "fast",
              "pass": true,
              "fail": false,
              "pending": false,
              "context": null,
              "code": "cy.url().should('include', '/info');",
              "err": {},
              "uuid": "2546a120-ca5e-45bb-bd1f-a229049aabcf",
              "parentUUID": "39cf5056-ee2b-42e2-9450-7c491b8525f6",
              "isHook": false,
              "skipped": false
            },
            {
              "title": "has info about authors",
              "fullTitle": "The Info page has info about authors",
              "timedOut": null,
              "duration": 1462,
              "state": "passed",
              "speed": "fast",
              "pass": true,
              "fail": false,
              "pending": false,
              "context": null,
              "code": "cy.get('span').contains('Michał Ferdzyn (242383)').should('exist');\ncy.get('span').contains('Aleksander Janicki (242405)').should('exist');\ncy.get('span').contains('Grzegorz Kempa (224325)').should('exist');\ncy.get('span').contains('Szymon Wydmuch (242568)').should('exist');\ncy.get('span').contains('Michalina Wysocka (230043)').should('exist');",
              "err": {},
              "uuid": "7eb77cba-fe02-4aff-837b-41515926da73",
              "parentUUID": "39cf5056-ee2b-42e2-9450-7c491b8525f6",
              "isHook": false,
              "skipped": false
            },
            {
              "title": "has info about subject",
              "fullTitle": "The Info page has info about subject",
              "timedOut": null,
              "duration": 1289,
              "state": "passed",
              "speed": "fast",
              "pass": true,
              "fail": false,
              "pending": false,
              "context": null,
              "code": "cy.get('p').contains('Projekt stworzony w ramach przedmiotu Moduł sumatywny').should('exist');",
              "err": {},
              "uuid": "c2ac7ab3-f4c1-4ffa-9fce-21df1b1f8874",
              "parentUUID": "39cf5056-ee2b-42e2-9450-7c491b8525f6",
              "isHook": false,
              "skipped": false
            },
            {
              "title": "has info about used pictures source",
              "fullTitle": "The Info page has info about used pictures source",
              "timedOut": null,
              "duration": 1212,
              "state": "passed",
              "speed": "fast",
              "pass": true,
              "fail": false,
              "pending": false,
              "context": null,
              "code": "cy.get('span').contains('Obrazy zostały pobrane ze strony Canva, utworzone przez zespół Canvy na darmowej licencji i użyte w celach niekomercyjnych.').should('exist');",
              "err": {},
              "uuid": "b688a87e-1881-4a5d-bbdc-259b21945839",
              "parentUUID": "39cf5056-ee2b-42e2-9450-7c491b8525f6",
              "isHook": false,
              "skipped": false
            }
          ],
          "suites": [],
          "passes": [
            "2546a120-ca5e-45bb-bd1f-a229049aabcf",
            "7eb77cba-fe02-4aff-837b-41515926da73",
            "c2ac7ab3-f4c1-4ffa-9fce-21df1b1f8874",
            "b688a87e-1881-4a5d-bbdc-259b21945839"
          ],
          "failures": [],
          "pending": [],
          "skipped": [],
          "duration": 5473,
          "root": false,
          "rootEmpty": false,
          "_timeout": 2000
        }
      ],
      "passes": [],
      "failures": [],
      "pending": [],
      "skipped": [],
      "duration": 0,
      "root": true,
      "rootEmpty": true,
      "_timeout": 2000
    },
    {
      "uuid": "607b4899-470a-49f8-8550-df14e88112ae",
      "title": "",
      "fullFile": "cypress\\e2e\\AA_Register.cy.js",
      "file": "cypress\\e2e\\AA_Register.cy.js",
      "beforeHooks": [],
      "afterHooks": [],
      "tests": [],
      "suites": [
        {
          "uuid": "46e005cc-a43b-4088-91c6-1bab24160123",
          "title": "User Register and Login E2E Tests",
          "fullFile": "",
          "file": "",
          "beforeHooks": [],
          "afterHooks": [],
          "tests": [
            {
              "title": "successfully register and login in the user",
              "fullTitle": "User Register and Login E2E Tests successfully register and login in the user",
              "timedOut": null,
              "duration": 3517,
              "state": "passed",
              "speed": "fast",
              "pass": true,
              "fail": false,
              "pending": false,
              "context": null,
              "code": "cy.visit('/login');\ncy.url().should('include', '/login');\ncy.get('.changeFormButton').contains('Rejestracja').click({\n  force: true\n});\ncy.get('#email').type('test1234@test.com');\ncy.get('#password').type('test1234');\ncy.get('#confirmPassword').type('test1234');\ncy.get('button').contains('Zarejestruj się').click({\n  force: true\n});\ncy.url().should('include', '/');",
              "err": {},
              "uuid": "4a4fd43f-0d50-4127-bca5-12fcc05bf232",
              "parentUUID": "46e005cc-a43b-4088-91c6-1bab24160123",
              "isHook": false,
              "skipped": false
            }
          ],
          "suites": [],
          "passes": [
            "4a4fd43f-0d50-4127-bca5-12fcc05bf232"
          ],
          "failures": [],
          "pending": [],
          "skipped": [],
          "duration": 3517,
          "root": false,
          "rootEmpty": false,
          "_timeout": 2000
        }
      ],
      "passes": [],
      "failures": [],
      "pending": [],
      "skipped": [],
      "duration": 0,
      "root": true,
      "rootEmpty": true,
      "_timeout": 2000
    }
  ],
  "meta": {
    "mocha": {
      "version": "7.0.1"
    },
    "mochawesome": {
      "options": {
        "quiet": false,
        "reportFilename": "mochawesome",
        "saveHtml": false,
        "saveJson": true,
        "consoleReporter": "spec",
        "useInlineDiffs": false,
        "code": true
      },
      "version": "7.1.3"
    },
    "marge": {
      "options": {
        "reportDir": "cypress\\reports\\.jsons",
        "overwrite": false,
        "html": false,
        "json": true
      },
      "version": "6.2.0"
    }
  }
}