{
  "stats": {
    "suites": 1,
    "tests": 6,
    "passes": 6,
    "pending": 0,
    "failures": 0,
    "start": "2024-06-23T17:22:04.851Z",
    "end": "2024-06-23T17:22:14.447Z",
    "duration": 9596,
    "testsRegistered": 6,
    "passPercent": 100,
    "pendingPercent": 0,
    "other": 0,
    "hasOther": false,
    "skipped": 0,
    "hasSkipped": false
  },
  "results": [
    {
      "uuid": "16318734-a08b-4de7-a9d7-6f4c05430b1a",
      "title": "",
      "fullFile": "cypress\\e2e\\HomePage.cy.js",
      "file": "cypress\\e2e\\HomePage.cy.js",
      "beforeHooks": [],
      "afterHooks": [],
      "tests": [],
      "suites": [
        {
          "uuid": "1b4172fa-3b82-46f2-a5e6-3310942bcbfc",
          "title": "The Main Page",
          "fullFile": "",
          "file": "",
          "beforeHooks": [],
          "afterHooks": [],
          "tests": [
            {
              "title": "successfully loads",
              "fullTitle": "The Main Page successfully loads",
              "timedOut": null,
              "duration": 1485,
              "state": "passed",
              "speed": "fast",
              "pass": true,
              "fail": false,
              "pending": false,
              "context": null,
              "code": "cy.url().should('include', '/');",
              "err": {},
              "uuid": "b6573b69-07a5-41e0-b87b-c9c6d9c978bf",
              "parentUUID": "1b4172fa-3b82-46f2-a5e6-3310942bcbfc",
              "isHook": false,
              "skipped": false
            },
            {
              "title": "has a navigation menu",
              "fullTitle": "The Main Page has a navigation menu",
              "timedOut": null,
              "duration": 1292,
              "state": "passed",
              "speed": "fast",
              "pass": true,
              "fail": false,
              "pending": false,
              "context": null,
              "code": "cy.get('nav').should('exist');",
              "err": {},
              "uuid": "50368f2c-c8d9-4043-8bce-65fb32298004",
              "parentUUID": "1b4172fa-3b82-46f2-a5e6-3310942bcbfc",
              "isHook": false,
              "skipped": false
            },
            {
              "title": "can navigate to the Home page from the Main page",
              "fullTitle": "The Main Page can navigate to the Home page from the Main page",
              "timedOut": null,
              "duration": 1440,
              "state": "passed",
              "speed": "fast",
              "pass": true,
              "fail": false,
              "pending": false,
              "context": null,
              "code": "cy.get('nav').contains('Strona główna').click({\n  force: true\n});\ncy.url().should('include', '/');",
              "err": {},
              "uuid": "2993774c-8c8e-4578-a380-a2b4fa3f0038",
              "parentUUID": "1b4172fa-3b82-46f2-a5e6-3310942bcbfc",
              "isHook": false,
              "skipped": false
            },
            {
              "title": "can navigate to the How to vote from the Main page",
              "fullTitle": "The Main Page can navigate to the How to vote from the Main page",
              "timedOut": null,
              "duration": 1853,
              "state": "passed",
              "speed": "fast",
              "pass": true,
              "fail": false,
              "pending": false,
              "context": null,
              "code": "cy.get('nav').contains('Jak zagłosować').click({\n  force: true\n});\ncy.url().should('include', '/about');",
              "err": {},
              "uuid": "c6fd19b5-2223-44d2-868f-ec56d22f9292",
              "parentUUID": "1b4172fa-3b82-46f2-a5e6-3310942bcbfc",
              "isHook": false,
              "skipped": false
            },
            {
              "title": "can navigate to the Candidates from the Main page",
              "fullTitle": "The Main Page can navigate to the Candidates from the Main page",
              "timedOut": null,
              "duration": 1482,
              "state": "passed",
              "speed": "fast",
              "pass": true,
              "fail": false,
              "pending": false,
              "context": null,
              "code": "cy.get('nav').contains('Kandydaci').click({\n  force: true\n});\ncy.url().should('include', '/map');",
              "err": {},
              "uuid": "66294e6b-5430-4760-afd7-2a07bf2c97ad",
              "parentUUID": "1b4172fa-3b82-46f2-a5e6-3310942bcbfc",
              "isHook": false,
              "skipped": false
            },
            {
              "title": "can navigate to the Info from the Main page",
              "fullTitle": "The Main Page can navigate to the Info from the Main page",
              "timedOut": null,
              "duration": 1711,
              "state": "passed",
              "speed": "fast",
              "pass": true,
              "fail": false,
              "pending": false,
              "context": null,
              "code": "cy.get('nav').contains('Informacje').click({\n  force: true\n});\ncy.url().should('include', '/info');",
              "err": {},
              "uuid": "a54cc2ba-e982-446c-9e1a-38f6e5e5cc46",
              "parentUUID": "1b4172fa-3b82-46f2-a5e6-3310942bcbfc",
              "isHook": false,
              "skipped": false
            }
          ],
          "suites": [],
          "passes": [
            "b6573b69-07a5-41e0-b87b-c9c6d9c978bf",
            "50368f2c-c8d9-4043-8bce-65fb32298004",
            "2993774c-8c8e-4578-a380-a2b4fa3f0038",
            "c6fd19b5-2223-44d2-868f-ec56d22f9292",
            "66294e6b-5430-4760-afd7-2a07bf2c97ad",
            "a54cc2ba-e982-446c-9e1a-38f6e5e5cc46"
          ],
          "failures": [],
          "pending": [],
          "skipped": [],
          "duration": 9263,
          "root": false,
          "rootEmpty": false,
          "_timeout": 2000
        }
      ],
      "passes": [],
      "failures": [],
      "pending": [],
      "skipped": [],
      "duration": 0,
      "root": true,
      "rootEmpty": true,
      "_timeout": 2000
    }
  ],
  "meta": {
    "mocha": {
      "version": "7.0.1"
    },
    "mochawesome": {
      "options": {
        "quiet": false,
        "reportFilename": "mochawesome",
        "saveHtml": false,
        "saveJson": true,
        "consoleReporter": "spec",
        "useInlineDiffs": false,
        "code": true
      },
      "version": "7.1.3"
    },
    "marge": {
      "options": {
        "reportDir": "cypress\\reports\\.jsons",
        "overwrite": false,
        "html": false,
        "json": true
      },
      "version": "6.2.0"
    }
  }
}